Arguments: 
  /Users/jhseo/.nvm/versions/node/v14.17.0/bin/node /Users/jhseo/.nvm/versions/node/v14.17.0/bin/yarn

PATH: 
  /Users/jhseo/.nvm/versions/node/v14.17.0/bin:/usr/local/bin:/usr/bin:/bin:/usr/sbin:/sbin:/Library/Apple/usr/bin:/Users/jhseo/.nvm/versions/node/v14.17.0/bin

Yarn version: 
  1.22.11

Node version: 
  14.17.0

Platform: 
  darwin x64

Trace: 
  Error: https://registry.yarnpkg.com/@seodestem%2fcore: Not found
      at Request.params.callback [as _callback] (/Users/jhseo/.nvm/versions/node/v14.17.0/lib/node_modules/yarn/lib/cli.js:66992:18)
      at Request.self.callback (/Users/jhseo/.nvm/versions/node/v14.17.0/lib/node_modules/yarn/lib/cli.js:140763:22)
      at Request.emit (events.js:376:20)
      at Request.<anonymous> (/Users/jhseo/.nvm/versions/node/v14.17.0/lib/node_modules/yarn/lib/cli.js:141735:10)
      at Request.emit (events.js:376:20)
      at IncomingMessage.<anonymous> (/Users/jhseo/.nvm/versions/node/v14.17.0/lib/node_modules/yarn/lib/cli.js:141657:12)
      at Object.onceWrapper (events.js:482:28)
      at IncomingMessage.emit (events.js:388:22)
      at endReadableNT (internal/streams/readable.js:1336:12)
      at processTicksAndRejections (internal/process/task_queues.js:82:21)

npm manifest: 
  {
    "name": "seodestem-example",
    "version": "0.0.1",
    "main": "index.js",
    "license": "MIT",
    "devDependencies": {
      "@seodestem/core": "workspace:*",
      "@seodestem/figma-api": "workspace:*",
      "@types/node": "^16.7.1",
      "typescript": "^4.3.5"
    },
    "dependencies": {
      "@figma/plugin-typings": "^1.30.0",
      "dotenv": "^10.0.0"
    }
  }

yarn manifest: 
  No manifest

Lockfile: 
  # THIS IS AN AUTOGENERATED FILE. DO NOT EDIT THIS FILE DIRECTLY.
  # yarn lockfile v1
  
  
  "@figma/plugin-typings@^1.30.0":
    version "1.30.0"
    resolved "https://registry.yarnpkg.com/@figma/plugin-typings/-/plugin-typings-1.30.0.tgz#2c71b99d0312d2859130d2d366f096acd88babe6"
    integrity sha512-KQQPrsUNoZKF9zUG6YvaQk528/LinTzjxCu4eoyOFhx10jdlOqvgLEU7hbVZZxtbKcEFjhUiC3edc185kfCKNw==
  
  "@types/node@^16.7.1":
    version "16.7.1"
    resolved "https://registry.yarnpkg.com/@types/node/-/node-16.7.1.tgz#c6b9198178da504dfca1fd0be9b2e1002f1586f0"
    integrity sha512-ncRdc45SoYJ2H4eWU9ReDfp3vtFqDYhjOsKlFFUDEn8V1Bgr2RjYal8YT5byfadWIRluhPFU6JiDOl0H6Sl87A==
  
  dotenv@^10.0.0:
    version "10.0.0"
    resolved "https://registry.yarnpkg.com/dotenv/-/dotenv-10.0.0.tgz#3d4227b8fb95f81096cdd2b66653fb2c7085ba81"
    integrity sha512-rlBi9d8jpv9Sf1klPjNfFAuWDjKLwTIJJ/VxtoTwIR6hnZxcEOQCZg2oIL3MWBYw5GpUDKOEnND7LXTbIpQ03Q==
  
  typescript@^4.3.5:
    version "4.3.5"
    resolved "https://registry.yarnpkg.com/typescript/-/typescript-4.3.5.tgz#4d1c37cc16e893973c45a06886b7113234f119f4"
    integrity sha512-DqQgihaQ9cUrskJo9kIyW/+g0Vxsk8cDtZ52a3NGh0YNTfpUSArXSohyUGnvbPazEPLu398C0UxmKSOrPumUzA==
